2025-01-02 11:37:42 Loading main app package /usr/lib/obsidian/obsidian.asar
2025-01-02 11:37:42 Checking for update using Github
2025-01-02 11:37:43 Success.
2025-01-02 11:37:43 Latest version is 1.7.7
2025-01-02 11:37:43 App is up to date.
2025-01-02 11:39:07 Loading main app package /usr/lib/obsidian/obsidian.asar
2025-01-02 11:39:07 Checking for update using Github
2025-01-02 11:39:07 Success.
2025-01-02 11:39:07 Latest version is 1.7.7
2025-01-02 11:39:07 App is up to date.
2025-01-02 11:41:17 Loading main app package /usr/lib/obsidian/obsidian.asar
2025-01-02 11:41:17 Checking for update using Github
2025-01-02 11:41:45 Loading main app package /usr/lib/obsidian/obsidian.asar
2025-01-02 11:41:45 Checking for update using Github
2025-01-02 18:26:37 Loading main app package /usr/lib/obsidian/obsidian.asar
2025-01-02 18:26:37 Checking for update using Github
2025-01-02 18:26:37 Success.
2025-01-02 18:26:37 Latest version is 1.7.7
2025-01-02 18:26:37 App is up to date.
2025-01-02 18:48:13 Loading main app package /usr/lib/obsidian/obsidian.asar
2025-01-02 18:48:14 Checking for update using Github
2025-01-02 18:48:14 Success.
2025-01-02 18:48:14 Latest version is 1.7.7
2025-01-02 18:48:14 App is up to date.
2025-01-02 19:08:12 Loading main app package /usr/lib/obsidian/obsidian.asar
2025-01-02 19:08:12 Checking for update using Github
2025-01-02 19:08:12 Success.
2025-01-02 19:08:12 Latest version is 1.7.7
2025-01-02 19:08:12 App is up to date.
2025-01-02 19:08:14 Loading main app package /usr/lib/obsidian/obsidian.asar
2025-01-02 19:08:14 Checking for update using Github
2025-01-14 10:48:21 Loading main app package /usr/lib/obsidian/obsidian.asar
2025-01-14 10:48:21 Checking for update using Github
2025-01-14 10:48:21 Success.
2025-01-14 10:48:21 Latest version is 1.7.7
2025-01-14 10:48:21 App is up to date.
2025-01-14 10:49:24 Loading main app package /usr/lib/obsidian/obsidian.asar
2025-01-14 10:49:24 Checking for update using Github
2025-01-14 12:59:26 Checking for update using Github
2025-01-14 12:59:26 Success.
2025-01-14 12:59:26 Latest version is 1.7.7
2025-01-14 12:59:26 App is up to date.
2025-01-16 14:08:15 Loading main app package /usr/lib/obsidian/obsidian.asar
2025-01-16 14:08:15 Checking for update using Github
2025-01-16 14:08:15 Success.
2025-01-16 14:08:15 Latest version is 1.7.7
2025-01-16 14:08:15 App is up to date.
2025-01-16 14:08:47 Loading main app package /usr/lib/obsidian/obsidian.asar
2025-01-16 14:08:48 Checking for update using Github
